1641546056923	geckodriver	INFO	Listening on 127.0.0.1:63297
1641546060944	webdriver::command	WARN	You are using deprecated legacy session negotiation patterns (desiredCapabilities/requiredCapabilities), see https://developer.mozilla.org/en-US/docs/Web/WebDriver/Capabilities#Legacy
1641546060962	mozrunner::runner	INFO	Running command: "C:\\Program Files\\Mozilla Firefox\\firefox.exe" "--marionette" "-no-remote" "-profile" "C:\\Users\\testkong\\AppData\\Local\\Temp\\rust_mozprofilef4WJpu"
1641546061375	Marionette	INFO	Marionette enabled
console.warn: SearchSettings: "get: No settings file exists, new profile?" (new NotFoundError("Could not open the file at C:\\Users\\testkong\\AppData\\Local\\Temp\\rust_mozprofilef4WJpu\\search.json.mozlz4", (void 0)))
console.warn: TopSitesFeed: Failed to fetch data from Contile server: NetworkError when attempting to fetch resource.
1641546063558	Marionette	INFO	Listening on port 63305
1641546063674	RemoteAgent	WARN	TLS certificate errors will be ignored for this session
console.error: Region.jsm: "Error fetching region" (new TypeError("NetworkError when attempting to fetch resource.", ""))
console.error: Region.jsm: "Failed to fetch region" (new Error("NO_RESULT", "resource://gre/modules/Region.jsm", 419))
1641546069349	Marionette	INFO	Stopped listening on port 63305
console.warn: TopSitesFeed: Failed to fetch data from Contile server: NetworkError when attempting to fetch resource.

###!!! [Parent][RunMessage] Error: Channel closing: too late to send/recv, messages will be lost

1641546084768	geckodriver	INFO	Listening on 127.0.0.1:63355
1641546088795	webdriver::command	WARN	You are using deprecated legacy session negotiation patterns (desiredCapabilities/requiredCapabilities), see https://developer.mozilla.org/en-US/docs/Web/WebDriver/Capabilities#Legacy
1641546088805	mozrunner::runner	INFO	Running command: "C:\\Program Files\\Mozilla Firefox\\firefox.exe" "--marionette" "-no-remote" "-profile" "C:\\Users\\testkong\\AppData\\Local\\Temp\\rust_mozprofile0TIpD6"
1641546089232	Marionette	INFO	Marionette enabled
console.warn: SearchSettings: "get: No settings file exists, new profile?" (new NotFoundError("Could not open the file at C:\\Users\\testkong\\AppData\\Local\\Temp\\rust_mozprofile0TIpD6\\search.json.mozlz4", (void 0)))
console.warn: TopSitesFeed: Failed to fetch data from Contile server: NetworkError when attempting to fetch resource.
1641546091428	Marionette	INFO	Listening on port 63368
1641546091513	RemoteAgent	WARN	TLS certificate errors will be ignored for this session
console.error: Region.jsm: "Error fetching region" (new TypeError("NetworkError when attempting to fetch resource.", ""))
console.error: Region.jsm: "Failed to fetch region" (new Error("NO_RESULT", "resource://gre/modules/Region.jsm", 419))
1641546102140	Marionette	INFO	Stopped listening on port 63368
console.warn: TopSitesFeed: Failed to fetch data from Contile server: NetworkError when attempting to fetch resource.

###!!! [Parent][RunMessage] Error: Channel closing: too late to send/recv, messages will be lost

1641546315424	geckodriver	INFO	Listening on 127.0.0.1:63724
1641546319478	webdriver::command	WARN	You are using deprecated legacy session negotiation patterns (desiredCapabilities/requiredCapabilities), see https://developer.mozilla.org/en-US/docs/Web/WebDriver/Capabilities#Legacy
1641546319498	mozrunner::runner	INFO	Running command: "C:\\Program Files\\Mozilla Firefox\\firefox.exe" "--marionette" "-no-remote" "-profile" "C:\\Users\\testkong\\AppData\\Local\\Temp\\rust_mozprofilezVHMxQ"
1641546319855	Marionette	INFO	Marionette enabled
console.warn: SearchSettings: "get: No settings file exists, new profile?" (new NotFoundError("Could not open the file at C:\\Users\\testkong\\AppData\\Local\\Temp\\rust_mozprofilezVHMxQ\\search.json.mozlz4", (void 0)))
console.warn: TopSitesFeed: Failed to fetch data from Contile server: NetworkError when attempting to fetch resource.
1641546321995	Marionette	INFO	Listening on port 63732
1641546322180	RemoteAgent	WARN	TLS certificate errors will be ignored for this session
console.error: Region.jsm: "Error fetching region" (new TypeError("NetworkError when attempting to fetch resource.", ""))
console.error: Region.jsm: "Failed to fetch region" (new Error("NO_RESULT", "resource://gre/modules/Region.jsm", 419))
1641546334343	Marionette	INFO	Stopped listening on port 63732
console.warn: TopSitesFeed: Failed to fetch data from Contile server: NetworkError when attempting to fetch resource.

###!!! [Parent][RunMessage] Error: Channel closing: too late to send/recv, messages will be lost

1641546955013	geckodriver	INFO	Listening on 127.0.0.1:65446
1641546959042	webdriver::command	WARN	You are using deprecated legacy session negotiation patterns (desiredCapabilities/requiredCapabilities), see https://developer.mozilla.org/en-US/docs/Web/WebDriver/Capabilities#Legacy
1641546959063	mozrunner::runner	INFO	Running command: "C:\\Program Files\\Mozilla Firefox\\firefox.exe" "--marionette" "-no-remote" "-profile" "C:\\Users\\testkong\\AppData\\Local\\Temp\\rust_mozprofiledpX60w"
1641546959432	Marionette	INFO	Marionette enabled
console.warn: SearchSettings: "get: No settings file exists, new profile?" (new NotFoundError("Could not open the file at C:\\Users\\testkong\\AppData\\Local\\Temp\\rust_mozprofiledpX60w\\search.json.mozlz4", (void 0)))
1641546961563	Marionette	INFO	Listening on port 65455
console.warn: TopSitesFeed: Failed to fetch data from Contile server: NetworkError when attempting to fetch resource.
1641546961776	RemoteAgent	WARN	TLS certificate errors will be ignored for this session
1641546964685	Marionette	INFO	Stopped listening on port 65455
console.warn: TopSitesFeed: Failed to fetch data from Contile server: NetworkError when attempting to fetch resource.

###!!! [Parent][RunMessage] Error: Channel closing: too late to send/recv, messages will be lost

1641547769890	geckodriver	INFO	Listening on 127.0.0.1:51816
1641547775998	mozrunner::runner	INFO	Running command: "C:\\Program Files\\Mozilla Firefox\\firefox.exe" "--marionette" "--remote-debugging-port" "51817" "-no-remote" "-profile" "C:\\Users\\testkong\\AppData\\Local\\Temp\\rust_mozprofilemkpET4"
1641547776378	Marionette	INFO	Marionette enabled
console.warn: SearchSettings: "get: No settings file exists, new profile?" (new NotFoundError("Could not open the file at C:\\Users\\testkong\\AppData\\Local\\Temp\\rust_mozprofilemkpET4\\search.json.mozlz4", (void 0)))
DevTools listening on ws://localhost:51817/devtools/browser/832b485b-9691-4ffd-8b6a-09a5dde9fc29
1641547779103	Marionette	INFO	Listening on port 51835
1641547779216	RemoteAgent	WARN	TLS certificate errors will be ignored for this session
1641547784550	Marionette	INFO	Stopped listening on port 51835

###!!! [Parent][RunMessage] Error: Channel closing: too late to send/recv, messages will be lost

1641775836245	geckodriver	INFO	Listening on 127.0.0.1:62974
1641775840278	webdriver::command	WARN	You are using deprecated legacy session negotiation patterns (desiredCapabilities/requiredCapabilities), see https://developer.mozilla.org/en-US/docs/Web/WebDriver/Capabilities#Legacy
1641775840295	mozrunner::runner	INFO	Running command: "C:\\Program Files\\Mozilla Firefox\\firefox.exe" "--marionette" "-no-remote" "-profile" "C:\\Users\\testkong\\AppData\\Local\\Temp\\rust_mozprofileKynPar"
1641775841183	Marionette	INFO	Marionette enabled
console.warn: SearchSettings: "get: No settings file exists, new profile?" (new NotFoundError("Could not open the file at C:\\Users\\testkong\\AppData\\Local\\Temp\\rust_mozprofileKynPar\\search.json.mozlz4", (void 0)))
1641775846067	Marionette	INFO	Listening on port 62987
1641775846645	RemoteAgent	WARN	TLS certificate errors will be ignored for this session
1641775858822	Marionette	INFO	Stopped listening on port 62987
console.warn: TopSitesFeed: Failed to fetch data from Contile server: NetworkError when attempting to fetch resource.

###!!! [Parent][RunMessage] Error: Channel closing: too late to send/recv, messages will be lost

1641776321510	geckodriver	INFO	Listening on 127.0.0.1:63961
1641776327583	mozrunner::runner	INFO	Running command: "C:\\Program Files\\Mozilla Firefox\\firefox.exe" "--marionette" "-no-remote" "-profile" "C:\\Users\\testkong\\AppData\\Local\\Temp\\rust_mozprofilepTA51r"
1641776328495	Marionette	INFO	Marionette enabled
console.warn: SearchSettings: "get: No settings file exists, new profile?" (new NotFoundError("Could not open the file at C:\\Users\\testkong\\AppData\\Local\\Temp\\rust_mozprofilepTA51r\\search.json.mozlz4", (void 0)))
1641776332841	Marionette	INFO	Listening on port 63981
1641776333371	RemoteAgent	WARN	TLS certificate errors will be ignored for this session
1641776339441	Marionette	INFO	Stopped listening on port 63981
1641783307689	geckodriver	INFO	Listening on 127.0.0.1:53723
1641783313746	mozrunner::runner	INFO	Running command: "C:\\Program Files\\Mozilla Firefox\\firefox.exe" "--marionette" "-no-remote" "-profile" "C:\\Users\\testkong\\AppData\\Local\\Temp\\rust_mozprofile0breV2"
1641783314481	Marionette	INFO	Marionette enabled
console.warn: SearchSettings: "get: No settings file exists, new profile?" (new NotFoundError("Could not open the file at C:\\Users\\testkong\\AppData\\Local\\Temp\\rust_mozprofile0breV2\\search.json.mozlz4", (void 0)))
1641783318585	Marionette	INFO	Listening on port 53734
1641783318867	RemoteAgent	WARN	TLS certificate errors will be ignored for this session
1641783324741	Marionette	INFO	Stopped listening on port 53734

###!!! [Parent][RunMessage] Error: Channel closing: too late to send/recv, messages will be lost

1644199548803	geckodriver	INFO	Listening on 127.0.0.1:53090
1644199554883	mozrunner::runner	INFO	Running command: "C:\\Program Files\\Mozilla Firefox\\firefox.exe" "--marionette" "-no-remote" "-profile" "C:\\Users\\testkong\\AppData\\Local\\Temp\\rust_mozprofileGGaBVt"
1644199555313	Marionette	INFO	Marionette enabled
console.warn: SearchSettings: "get: No settings file exists, new profile?" (new NotFoundError("Could not open the file at C:\\Users\\testkong\\AppData\\Local\\Temp\\rust_mozprofileGGaBVt\\search.json.mozlz4", (void 0)))
1644199557166	Marionette	INFO	Listening on port 53103
1644199557653	RemoteAgent	WARN	TLS certificate errors will be ignored for this session
1644199563992	Marionette	INFO	Stopped listening on port 53103
console.warn: TopSitesFeed: Failed to fetch data from Contile server: NetworkError when attempting to fetch resource.

###!!! [Parent][RunMessage] Error: Channel closing: too late to send/recv, messages will be lost

